[0522/142414.171:ERROR:process_reader_win.cc(151)] SuspendThread: Отказано в доступе. (0x5)
[0522/142414.171:ERROR:process_reader_win.cc(151)] SuspendThread: Отказано в доступе. (0x5)
[0522/142414.172:ERROR:process_reader_win.cc(151)] SuspendThread: Отказано в доступе. (0x5)
[0522/142414.172:ERROR:process_reader_win.cc(151)] SuspendThread: Отказано в доступе. (0x5)
[0522/142414.174:ERROR:process_reader_win.cc(151)] SuspendThread: Отказано в доступе. (0x5)
[0522/142414.174:ERROR:process_reader_win.cc(151)] SuspendThread: Отказано в доступе. (0x5)
[0522/142414.174:ERROR:process_reader_win.cc(151)] SuspendThread: Отказано в доступе. (0x5)
[0522/142414.174:ERROR:process_reader_win.cc(151)] SuspendThread: Отказано в доступе. (0x5)
[0522/142414.175:ERROR:process_reader_win.cc(151)] SuspendThread: Отказано в доступе. (0x5)
[0522/142414.174:ERROR:process_reader_win.cc(151)] SuspendThread: Отказано в доступе. (0x5)
[0522/142414.175:ERROR:process_reader_win.cc(151)] SuspendThread: Отказано в доступе. (0x5)
[0522/142414.175:ERROR:process_reader_win.cc(151)] SuspendThread: Отказано в доступе. (0x5)
[0522/142414.175:ERROR:process_reader_win.cc(151)] SuspendThread: Отказано в доступе. (0x5)
[0522/142414.175:ERROR:process_reader_win.cc(151)] SuspendThread: Отказано в доступе. (0x5)
[0522/142414.175:ERROR:process_reader_win.cc(151)] SuspendThread: Отказано в доступе. (0x5)
[0522/142414.175:ERROR:process_reader_win.cc(151)] SuspendThread: Отказано в доступе. (0x5)
[0522/142414.175:ERROR:process_reader_win.cc(151)] SuspendThread: Отказано в доступе. (0x5)
[0522/142414.175:ERROR:process_reader_win.cc(151)] SuspendThread: Отказано в доступе. (0x5)
[0522/142414.175:ERROR:process_reader_win.cc(151)] SuspendThread: Отказано в доступе. (0x5)
[0522/142414.175:ERROR:process_reader_win.cc(151)] SuspendThread: Отказано в доступе. (0x5)
[0522/142414.176:ERROR:process_reader_win.cc(151)] SuspendThread: Отказано в доступе. (0x5)
[0522/142414.176:ERROR:process_reader_win.cc(151)] SuspendThread: Отказано в доступе. (0x5)
[0522/142414.176:ERROR:process_reader_win.cc(151)] SuspendThread: Отказано в доступе. (0x5)
[0522/142414.176:ERROR:process_reader_win.cc(151)] SuspendThread: Отказано в доступе. (0x5)
[0522/142414.176:ERROR:process_reader_win.cc(151)] SuspendThread: Отказано в доступе. (0x5)
[0522/142414.176:ERROR:process_reader_win.cc(151)] SuspendThread: Отказано в доступе. (0x5)
[0522/142414.177:ERROR:process_reader_win.cc(151)] SuspendThread: Отказано в доступе. (0x5)
[0522/142414.177:ERROR:process_reader_win.cc(151)] SuspendThread: Отказано в доступе. (0x5)
[0522/142414.177:ERROR:process_reader_win.cc(151)] SuspendThread: Отказано в доступе. (0x5)
[0522/142414.177:ERROR:process_reader_win.cc(151)] SuspendThread: Отказано в доступе. (0x5)
[0522/142414.177:ERROR:process_reader_win.cc(151)] SuspendThread: Отказано в доступе. (0x5)
[0522/142414.177:ERROR:process_reader_win.cc(151)] SuspendThread: Отказано в доступе. (0x5)
[0522/142414.172:ERROR:process_reader_win.cc(123)] NtOpenThread: {Отказано в доступе} Процесс запросил доступ к объекту, но права на доступ не предоставлены. (0xc0000022)
[0522/142414.174:ERROR:process_reader_win.cc(123)] NtOpenThread: {Отказано в доступе} Процесс запросил доступ к объекту, но права на доступ не предоставлены. (0xc0000022)
[0522/142414.178:ERROR:exception_snapshot_win.cc(98)] thread ID 16968 not found in process
[0522/142414.176:ERROR:process_reader_win.cc(123)] NtOpenThread: {Отказано в доступе} Процесс запросил доступ к объекту, но права на доступ не предоставлены. (0xc0000022)
[0522/142414.178:ERROR:exception_snapshot_win.cc(98)] thread ID 16920 not found in process
[0522/142414.178:ERROR:exception_snapshot_win.cc(98)] thread ID 16948 not found in process
[0522/142414.176:ERROR:process_reader_win.cc(123)] NtOpenThread: {Отказано в доступе} Процесс запросил доступ к объекту, но права на доступ не предоставлены. (0xc0000022)
[0522/142414.178:ERROR:exception_snapshot_win.cc(98)] thread ID 17172 not found in process
[0522/142414.177:ERROR:process_reader_win.cc(123)] NtOpenThread: {Отказано в доступе} Процесс запросил доступ к объекту, но права на доступ не предоставлены. (0xc0000022)
[0522/142414.188:ERROR:exception_snapshot_win.cc(98)] thread ID 16952 not found in process
[0522/142414.186:ERROR:process_reader_win.cc(151)] SuspendThread: Отказано в доступе. (0x5)
[0522/142414.188:ERROR:process_reader_win.cc(151)] SuspendThread: Отказано в доступе. (0x5)
[0522/142414.189:ERROR:process_reader_win.cc(123)] NtOpenThread: {Отказано в доступе} Процесс запросил доступ к объекту, но права на доступ не предоставлены. (0xc0000022)
[0522/142414.190:ERROR:exception_snapshot_win.cc(98)] thread ID 16924 not found in process
[0522/142414.213:ERROR:process_reader_win.cc(151)] SuspendThread: Отказано в доступе. (0x5)
[0522/142414.213:ERROR:process_reader_win.cc(123)] NtOpenThread: {Отказано в доступе} Процесс запросил доступ к объекту, но права на доступ не предоставлены. (0xc0000022)
[0522/142414.213:ERROR:exception_snapshot_win.cc(98)] thread ID 17020 not found in process
[0522/142414.220:ERROR:process_reader_win.cc(151)] SuspendThread: Отказано в доступе. (0x5)
[0522/142414.220:ERROR:process_reader_win.cc(123)] NtOpenThread: {Отказано в доступе} Процесс запросил доступ к объекту, но права на доступ не предоставлены. (0xc0000022)
[0522/142414.220:ERROR:exception_snapshot_win.cc(98)] thread ID 16984 not found in process
[0522/142414.231:ERROR:process_reader_win.cc(151)] SuspendThread: Отказано в доступе. (0x5)
[0522/142414.231:ERROR:process_reader_win.cc(123)] NtOpenThread: {Отказано в доступе} Процесс запросил доступ к объекту, но права на доступ не предоставлены. (0xc0000022)
[0522/142414.231:ERROR:exception_snapshot_win.cc(98)] thread ID 16980 not found in process
[0522/142414.247:ERROR:process_reader_win.cc(123)] NtOpenThread: {Отказано в доступе} Процесс запросил доступ к объекту, но права на доступ не предоставлены. (0xc0000022)
[0522/142414.247:ERROR:exception_snapshot_win.cc(98)] thread ID 17036 not found in process
[0522/142414.254:ERROR:process_reader_win.cc(123)] NtOpenThread: {Отказано в доступе} Процесс запросил доступ к объекту, но права на доступ не предоставлены. (0xc0000022)
[0522/142414.254:ERROR:exception_snapshot_win.cc(98)] thread ID 16432 not found in process
[0522/142414.257:ERROR:process_reader_win.cc(123)] NtOpenThread: {Отказано в доступе} Процесс запросил доступ к объекту, но права на доступ не предоставлены. (0xc0000022)
[0522/142414.257:ERROR:exception_snapshot_win.cc(98)] thread ID 16976 not found in process
[0526/094958.565:ERROR:process_reader_win.cc(123)] NtOpenThread: {Отказано в доступе} Процесс запросил доступ к объекту, но права на доступ не предоставлены. (0xc0000022)
[0526/094959.397:ERROR:exception_snapshot_win.cc(98)] thread ID 15740 not found in process
[0526/094958.567:ERROR:process_reader_win.cc(123)] NtOpenThread: {Отказано в доступе} Процесс запросил доступ к объекту, но права на доступ не предоставлены. (0xc0000022)
[0526/094958.614:ERROR:process_reader_win.cc(123)] NtOpenThread: {Отказано в доступе} Процесс запросил доступ к объекту, но права на доступ не предоставлены. (0xc0000022)
[0526/094959.398:ERROR:exception_snapshot_win.cc(98)] thread ID 5364 not found in process
[0526/094958.567:ERROR:process_reader_win.cc(123)] NtOpenThread: {Отказано в доступе} Процесс запросил доступ к объекту, но права на доступ не предоставлены. (0xc0000022)
[0526/094959.398:ERROR:exception_snapshot_win.cc(98)] thread ID 16684 not found in process
[0526/094958.572:ERROR:process_reader_win.cc(123)] NtOpenThread: {Отказано в доступе} Процесс запросил доступ к объекту, но права на доступ не предоставлены. (0xc0000022)
[0526/094959.398:ERROR:exception_snapshot_win.cc(98)] thread ID 7304 not found in process
[0526/094959.398:ERROR:exception_snapshot_win.cc(98)] thread ID 6484 not found in process
[0526/094959.398:ERROR:scoped_process_suspend.cc(40)] NtResumeProcess: Попытка доступа к процессу, выполняющему процедуру завершения. (0xc000010a)
[0526/094959.398:ERROR:scoped_process_suspend.cc(40)] NtResumeProcess: Попытка доступа к процессу, выполняющему процедуру завершения. (0xc000010a)
[0526/094959.398:ERROR:scoped_process_suspend.cc(40)] NtResumeProcess: Попытка доступа к процессу, выполняющему процедуру завершения. (0xc000010a)
[0526/095045.730:ERROR:process_reader_win.cc(151)] SuspendThread: Отказано в доступе. (0x5)
[0526/095045.732:ERROR:process_reader_win.cc(151)] SuspendThread: Отказано в доступе. (0x5)
[0526/095045.732:ERROR:process_reader_win.cc(151)] SuspendThread: Отказано в доступе. (0x5)
[0526/095045.732:ERROR:process_reader_win.cc(151)] SuspendThread: Отказано в доступе. (0x5)
[0526/095045.732:ERROR:process_reader_win.cc(151)] SuspendThread: Отказано в доступе. (0x5)
[0526/095045.732:ERROR:process_reader_win.cc(123)] NtOpenThread: {Отказано в доступе} Процесс запросил доступ к объекту, но права на доступ не предоставлены. (0xc0000022)
[0526/095045.733:ERROR:exception_snapshot_win.cc(98)] thread ID 3004 not found in process
[0526/095045.732:ERROR:process_reader_win.cc(151)] SuspendThread: Отказано в доступе. (0x5)
[0526/095045.734:ERROR:process_reader_win.cc(151)] SuspendThread: Отказано в доступе. (0x5)
[0526/095045.734:ERROR:process_reader_win.cc(151)] SuspendThread: Отказано в доступе. (0x5)
[0526/095045.734:ERROR:process_reader_win.cc(151)] SuspendThread: Отказано в доступе. (0x5)
[0526/095045.734:ERROR:process_reader_win.cc(151)] SuspendThread: Отказано в доступе. (0x5)
[0526/095045.734:ERROR:process_reader_win.cc(151)] SuspendThread: Отказано в доступе. (0x5)
[0526/095045.734:ERROR:process_reader_win.cc(151)] SuspendThread: Отказано в доступе. (0x5)
[0526/095045.734:ERROR:process_reader_win.cc(151)] SuspendThread: Отказано в доступе. (0x5)
[0526/095045.734:ERROR:process_reader_win.cc(123)] NtOpenThread: {Отказано в доступе} Процесс запросил доступ к объекту, но права на доступ не предоставлены. (0xc0000022)
[0526/095045.734:ERROR:exception_snapshot_win.cc(98)] thread ID 16972 not found in process
[0526/095045.736:ERROR:process_reader_win.cc(151)] SuspendThread: Отказано в доступе. (0x5)
[0526/095045.737:ERROR:process_reader_win.cc(151)] SuspendThread: Отказано в доступе. (0x5)
[0526/095045.737:ERROR:process_reader_win.cc(151)] SuspendThread: Отказано в доступе. (0x5)
[0526/095045.737:ERROR:process_reader_win.cc(151)] SuspendThread: Отказано в доступе. (0x5)
[0526/095045.737:ERROR:process_reader_win.cc(151)] SuspendThread: Отказано в доступе. (0x5)
[0526/095045.737:ERROR:process_reader_win.cc(123)] NtOpenThread: {Отказано в доступе} Процесс запросил доступ к объекту, но права на доступ не предоставлены. (0xc0000022)
[0526/095045.738:ERROR:exception_snapshot_win.cc(98)] thread ID 18076 not found in process
[0526/095045.739:ERROR:process_reader_win.cc(151)] SuspendThread: Отказано в доступе. (0x5)
[0526/095045.740:ERROR:process_reader_win.cc(151)] SuspendThread: Отказано в доступе. (0x5)
[0526/095045.740:ERROR:process_reader_win.cc(151)] SuspendThread: Отказано в доступе. (0x5)
[0526/095045.740:ERROR:process_reader_win.cc(151)] SuspendThread: Отказано в доступе. (0x5)
[0526/095045.740:ERROR:process_reader_win.cc(151)] SuspendThread: Отказано в доступе. (0x5)
[0526/095045.740:ERROR:process_reader_win.cc(123)] NtOpenThread: {Отказано в доступе} Процесс запросил доступ к объекту, но права на доступ не предоставлены. (0xc0000022)
[0526/095045.741:ERROR:exception_snapshot_win.cc(98)] thread ID 17836 not found in process
[0526/095045.752:ERROR:process_reader_win.cc(151)] SuspendThread: Отказано в доступе. (0x5)
[0526/095045.752:ERROR:process_reader_win.cc(151)] SuspendThread: Отказано в доступе. (0x5)
[0526/095045.752:ERROR:process_reader_win.cc(151)] SuspendThread: Отказано в доступе. (0x5)
[0526/095045.752:ERROR:process_reader_win.cc(123)] NtOpenThread: {Отказано в доступе} Процесс запросил доступ к объекту, но права на доступ не предоставлены. (0xc0000022)
[0526/095045.752:ERROR:process_reader_win.cc(123)] NtOpenThread: {Отказано в доступе} Процесс запросил доступ к объекту, но права на доступ не предоставлены. (0xc0000022)
[0526/095045.752:ERROR:exception_snapshot_win.cc(98)] thread ID 1696 not found in process
[0526/095045.753:ERROR:exception_snapshot_win.cc(98)] thread ID 16992 not found in process
[0526/095045.759:ERROR:process_reader_win.cc(123)] NtOpenThread: {Отказано в доступе} Процесс запросил доступ к объекту, но права на доступ не предоставлены. (0xc0000022)
[0526/095045.798:ERROR:process_reader_win.cc(123)] NtOpenThread: {Отказано в доступе} Процесс запросил доступ к объекту, но права на доступ не предоставлены. (0xc0000022)
[0526/095045.817:ERROR:process_reader_win.cc(123)] NtOpenThread: {Отказано в доступе} Процесс запросил доступ к объекту, но права на доступ не предоставлены. (0xc0000022)
[0526/095045.834:ERROR:exception_snapshot_win.cc(98)] thread ID 6596 not found in process
[0526/095045.834:ERROR:process_reader_win.cc(123)] NtOpenThread: {Отказано в доступе} Процесс запросил доступ к объекту, но права на доступ не предоставлены. (0xc0000022)
[0526/095045.834:ERROR:exception_snapshot_win.cc(98)] thread ID 17212 not found in process
[0526/095045.834:ERROR:exception_snapshot_win.cc(98)] thread ID 16640 not found in process
[0526/095045.834:ERROR:exception_snapshot_win.cc(98)] thread ID 5992 not found in process
[0526/095045.822:ERROR:process_reader_win.cc(123)] NtOpenThread: {Отказано в доступе} Процесс запросил доступ к объекту, но права на доступ не предоставлены. (0xc0000022)
[0526/095045.835:ERROR:exception_snapshot_win.cc(98)] thread ID 18192 not found in process
[0526/095221.169:ERROR:process_reader_win.cc(151)] SuspendThread: Отказано в доступе. (0x5)
[0526/095221.170:ERROR:process_reader_win.cc(151)] SuspendThread: Отказано в доступе. (0x5)
[0526/095221.170:ERROR:process_reader_win.cc(151)] SuspendThread: Отказано в доступе. (0x5)
[0526/095221.170:ERROR:process_reader_win.cc(151)] SuspendThread: Отказано в доступе. (0x5)
[0526/095221.170:ERROR:process_reader_win.cc(123)] NtOpenThread: {Отказано в доступе} Процесс запросил доступ к объекту, но права на доступ не предоставлены. (0xc0000022)
[0526/095221.171:ERROR:exception_snapshot_win.cc(98)] thread ID 16076 not found in process
[0526/095221.172:ERROR:process_reader_win.cc(151)] SuspendThread: Отказано в доступе. (0x5)
[0526/095221.172:ERROR:process_reader_win.cc(151)] SuspendThread: Отказано в доступе. (0x5)
[0526/095221.172:ERROR:process_reader_win.cc(151)] SuspendThread: Отказано в доступе. (0x5)
[0526/095221.173:ERROR:process_reader_win.cc(151)] SuspendThread: Отказано в доступе. (0x5)
[0526/095221.173:ERROR:process_reader_win.cc(151)] SuspendThread: Отказано в доступе. (0x5)
[0526/095221.173:ERROR:process_reader_win.cc(151)] SuspendThread: Отказано в доступе. (0x5)
[0526/095221.173:ERROR:process_reader_win.cc(151)] SuspendThread: Отказано в доступе. (0x5)
[0526/095221.173:ERROR:process_reader_win.cc(151)] SuspendThread: Отказано в доступе. (0x5)
[0526/095221.173:ERROR:process_reader_win.cc(151)] SuspendThread: Отказано в доступе. (0x5)
[0526/095221.173:ERROR:process_reader_win.cc(151)] SuspendThread: Отказано в доступе. (0x5)
[0526/095221.173:ERROR:process_reader_win.cc(151)] SuspendThread: Отказано в доступе. (0x5)
[0526/095221.173:ERROR:process_reader_win.cc(151)] SuspendThread: Отказано в доступе. (0x5)
[0526/095221.173:ERROR:process_reader_win.cc(151)] SuspendThread: Отказано в доступе. (0x5)
[0526/095221.173:ERROR:process_reader_win.cc(151)] SuspendThread: Отказано в доступе. (0x5)
[0526/095221.173:ERROR:process_reader_win.cc(151)] SuspendThread: Отказано в доступе. (0x5)
[0526/095221.173:ERROR:process_reader_win.cc(151)] SuspendThread: Отказано в доступе. (0x5)
[0526/095221.173:ERROR:process_reader_win.cc(151)] SuspendThread: Отказано в доступе. (0x5)
[0526/095221.173:ERROR:process_reader_win.cc(151)] SuspendThread: Отказано в доступе. (0x5)
[0526/095221.173:ERROR:process_reader_win.cc(123)] NtOpenThread: {Отказано в доступе} Процесс запросил доступ к объекту, но права на доступ не предоставлены. (0xc0000022)
[0526/095221.173:ERROR:exception_snapshot_win.cc(98)] thread ID 17848 not found in process
[0526/095221.182:ERROR:process_reader_win.cc(151)] SuspendThread: Отказано в доступе. (0x5)
[0526/095221.185:ERROR:process_reader_win.cc(151)] SuspendThread: Отказано в доступе. (0x5)
[0526/095221.185:ERROR:process_reader_win.cc(151)] SuspendThread: Отказано в доступе. (0x5)
[0526/095221.192:ERROR:process_reader_win.cc(151)] SuspendThread: Отказано в доступе. (0x5)
[0526/095221.207:ERROR:process_reader_win.cc(151)] SuspendThread: Отказано в доступе. (0x5)
[0526/095221.275:ERROR:process_reader_win.cc(151)] SuspendThread: Отказано в доступе. (0x5)
[0526/095221.534:ERROR:process_reader_win.cc(123)] NtOpenThread: Указан неверный код клиента. (0xc000000b)
[0526/095221.534:ERROR:process_reader_win.cc(151)] SuspendThread: Отказано в доступе. (0x5)
[0526/095221.534:ERROR:process_reader_win.cc(151)] SuspendThread: Отказано в доступе. (0x5)
[0526/095221.534:ERROR:exception_snapshot_win.cc(98)] thread ID 14712 not found in process
[0526/095221.190:ERROR:process_reader_win.cc(151)] SuspendThread: Отказано в доступе. (0x5)
[0526/095221.534:ERROR:process_reader_win.cc(151)] SuspendThread: Отказано в доступе. (0x5)
[0526/095221.534:ERROR:process_reader_win.cc(151)] SuspendThread: Отказано в доступе. (0x5)
[0526/095221.534:ERROR:process_reader_win.cc(151)] SuspendThread: Отказано в доступе. (0x5)
[0526/095221.534:ERROR:process_reader_win.cc(151)] SuspendThread: Отказано в доступе. (0x5)
[0526/095221.534:ERROR:process_reader_win.cc(151)] SuspendThread: Отказано в доступе. (0x5)
[0526/095221.534:ERROR:process_reader_win.cc(151)] SuspendThread: Отказано в доступе. (0x5)
[0526/095221.534:ERROR:process_reader_win.cc(151)] SuspendThread: Отказано в доступе. (0x5)
[0526/095221.534:ERROR:process_reader_win.cc(151)] SuspendThread: Отказано в доступе. (0x5)
[0526/095221.535:ERROR:process_reader_win.cc(151)] SuspendThread: Отказано в доступе. (0x5)
[0526/095221.535:ERROR:process_reader_win.cc(151)] SuspendThread: Отказано в доступе. (0x5)
[0526/095221.535:ERROR:process_reader_win.cc(151)] SuspendThread: Отказано в доступе. (0x5)
[0526/095221.535:ERROR:process_reader_win.cc(151)] SuspendThread: Отказано в доступе. (0x5)
[0526/095221.535:ERROR:process_reader_win.cc(151)] SuspendThread: Отказано в доступе. (0x5)
[0526/095221.535:ERROR:process_reader_win.cc(151)] SuspendThread: Отказано в доступе. (0x5)
[0526/095221.535:ERROR:process_reader_win.cc(151)] SuspendThread: Отказано в доступе. (0x5)
[0526/095221.535:ERROR:scoped_process_suspend.cc(40)] NtResumeProcess: Попытка доступа к процессу, выполняющему процедуру завершения. (0xc000010a)
[0526/095221.535:ERROR:process_reader_win.cc(151)] SuspendThread: Отказано в доступе. (0x5)
[0526/095221.535:ERROR:process_reader_win.cc(151)] SuspendThread: Отказано в доступе. (0x5)
[0526/095221.535:ERROR:process_reader_win.cc(151)] SuspendThread: Отказано в доступе. (0x5)
[0526/095221.535:ERROR:process_reader_win.cc(151)] SuspendThread: Отказано в доступе. (0x5)
[0526/095221.535:ERROR:process_reader_win.cc(151)] SuspendThread: Отказано в доступе. (0x5)
[0526/095221.535:ERROR:process_reader_win.cc(151)] SuspendThread: Отказано в доступе. (0x5)
[0526/095221.535:ERROR:process_reader_win.cc(151)] SuspendThread: Отказано в доступе. (0x5)
[0526/095221.535:ERROR:process_reader_win.cc(151)] SuspendThread: Отказано в доступе. (0x5)
[0526/095221.535:ERROR:process_reader_win.cc(151)] SuspendThread: Отказано в доступе. (0x5)
[0526/095221.535:ERROR:process_reader_win.cc(151)] SuspendThread: Отказано в доступе. (0x5)
[0526/095221.535:ERROR:process_reader_win.cc(151)] SuspendThread: Отказано в доступе. (0x5)
[0526/095221.535:ERROR:process_reader_win.cc(151)] SuspendThread: Отказано в доступе. (0x5)
[0526/095221.535:ERROR:process_reader_win.cc(151)] SuspendThread: Отказано в доступе. (0x5)
[0526/095221.535:ERROR:process_reader_win.cc(151)] SuspendThread: Отказано в доступе. (0x5)
[0526/095221.535:ERROR:process_reader_win.cc(151)] SuspendThread: Отказано в доступе. (0x5)
[0526/095221.535:ERROR:process_reader_win.cc(151)] SuspendThread: Отказано в доступе. (0x5)
[0526/095221.535:ERROR:process_reader_win.cc(151)] SuspendThread: Отказано в доступе. (0x5)
[0526/095221.535:ERROR:process_reader_win.cc(151)] SuspendThread: Отказано в доступе. (0x5)
[0526/095221.535:ERROR:process_reader_win.cc(151)] SuspendThread: Отказано в доступе. (0x5)
[0526/095221.535:ERROR:process_reader_win.cc(151)] SuspendThread: Отказано в доступе. (0x5)
[0526/095221.535:ERROR:process_reader_win.cc(151)] SuspendThread: Отказано в доступе. (0x5)
[0526/095221.535:ERROR:process_reader_win.cc(151)] SuspendThread: Отказано в доступе. (0x5)
[0526/095221.535:ERROR:process_reader_win.cc(151)] SuspendThread: Отказано в доступе. (0x5)
[0526/095221.534:ERROR:process_reader_win.cc(123)] NtOpenThread: {Отказано в доступе} Процесс запросил доступ к объекту, но права на доступ не предоставлены. (0xc0000022)
[0526/095221.535:ERROR:exception_snapshot_win.cc(98)] thread ID 16688 not found in process
[0526/095221.535:ERROR:process_reader_win.cc(151)] SuspendThread: Отказано в доступе. (0x5)
[0526/095221.535:ERROR:process_reader_win.cc(151)] SuspendThread: Отказано в доступе. (0x5)
[0526/095221.535:ERROR:process_reader_win.cc(123)] NtOpenThread: {Отказано в доступе} Процесс запросил доступ к объекту, но права на доступ не предоставлены. (0xc0000022)
[0526/095221.535:ERROR:process_reader_win.cc(151)] SuspendThread: Отказано в доступе. (0x5)
[0526/095221.535:ERROR:exception_snapshot_win.cc(98)] thread ID 17284 not found in process
[0526/095221.535:ERROR:process_reader_win.cc(151)] SuspendThread: Отказано в доступе. (0x5)
[0526/095221.535:ERROR:process_reader_win.cc(151)] SuspendThread: Отказано в доступе. (0x5)
[0526/095221.535:ERROR:process_reader_win.cc(123)] NtOpenThread: {Отказано в доступе} Процесс запросил доступ к объекту, но права на доступ не предоставлены. (0xc0000022)
[0526/095221.535:ERROR:process_reader_win.cc(151)] SuspendThread: Отказано в доступе. (0x5)
[0526/095221.535:ERROR:exception_snapshot_win.cc(98)] thread ID 7444 not found in process
[0526/095221.535:ERROR:process_reader_win.cc(151)] SuspendThread: Отказано в доступе. (0x5)
[0526/095221.535:ERROR:process_reader_win.cc(151)] SuspendThread: Отказано в доступе. (0x5)
[0526/095221.536:ERROR:process_reader_win.cc(123)] NtOpenThread: {Отказано в доступе} Процесс запросил доступ к объекту, но права на доступ не предоставлены. (0xc0000022)
[0526/095221.536:ERROR:exception_snapshot_win.cc(98)] thread ID 7972 not found in process
[0526/100058.039:ERROR:process_reader_win.cc(151)] SuspendThread: Отказано в доступе. (0x5)
[0526/100058.059:ERROR:process_reader_win.cc(151)] SuspendThread: Отказано в доступе. (0x5)
[0526/100058.059:ERROR:process_reader_win.cc(151)] SuspendThread: Отказано в доступе. (0x5)
[0526/100058.059:ERROR:process_reader_win.cc(151)] SuspendThread: Отказано в доступе. (0x5)
[0526/100058.059:ERROR:process_reader_win.cc(151)] SuspendThread: Отказано в доступе. (0x5)
[0526/100058.059:ERROR:process_reader_win.cc(151)] SuspendThread: Отказано в доступе. (0x5)
[0526/100058.059:ERROR:process_reader_win.cc(151)] SuspendThread: Отказано в доступе. (0x5)
[0526/100058.059:ERROR:process_reader_win.cc(151)] SuspendThread: Отказано в доступе. (0x5)
[0526/100058.060:ERROR:process_reader_win.cc(123)] NtOpenThread: {Отказано в доступе} Процесс запросил доступ к объекту, но права на доступ не предоставлены. (0xc0000022)
[0526/100058.060:ERROR:exception_snapshot_win.cc(98)] thread ID 7036 not found in process
[0526/100058.039:ERROR:process_reader_win.cc(151)] SuspendThread: Отказано в доступе. (0x5)
[0526/100058.074:ERROR:process_reader_win.cc(151)] SuspendThread: Отказано в доступе. (0x5)
[0526/100058.074:ERROR:process_reader_win.cc(151)] SuspendThread: Отказано в доступе. (0x5)
[0526/100058.074:ERROR:process_reader_win.cc(151)] SuspendThread: Отказано в доступе. (0x5)
[0526/100058.074:ERROR:process_reader_win.cc(151)] SuspendThread: Отказано в доступе. (0x5)
[0526/100058.074:ERROR:process_reader_win.cc(151)] SuspendThread: Отказано в доступе. (0x5)
[0526/100058.074:ERROR:process_reader_win.cc(151)] SuspendThread: Отказано в доступе. (0x5)
[0526/100058.074:ERROR:process_reader_win.cc(151)] SuspendThread: Отказано в доступе. (0x5)
[0526/100058.074:ERROR:process_reader_win.cc(151)] SuspendThread: Отказано в доступе. (0x5)
[0526/100058.074:ERROR:process_reader_win.cc(123)] NtOpenThread: {Отказано в доступе} Процесс запросил доступ к объекту, но права на доступ не предоставлены. (0xc0000022)
[0526/100058.071:ERROR:process_reader_win.cc(151)] SuspendThread: Отказано в доступе. (0x5)
[0526/100058.075:ERROR:exception_snapshot_win.cc(98)] thread ID 17928 not found in process
[0526/100058.071:ERROR:process_reader_win.cc(151)] SuspendThread: Отказано в доступе. (0x5)
[0526/100058.076:ERROR:process_reader_win.cc(151)] SuspendThread: Отказано в доступе. (0x5)
[0526/100058.076:ERROR:process_reader_win.cc(123)] NtOpenThread: {Отказано в доступе} Процесс запросил доступ к объекту, но права на доступ не предоставлены. (0xc0000022)
[0526/100058.077:ERROR:exception_snapshot_win.cc(98)] thread ID 16692 not found in process
[0526/100058.083:ERROR:process_reader_win.cc(151)] SuspendThread: Отказано в доступе. (0x5)
[0526/100058.083:ERROR:process_reader_win.cc(123)] NtOpenThread: {Отказано в доступе} Процесс запросил доступ к объекту, но права на доступ не предоставлены. (0xc0000022)
[0526/100058.083:ERROR:exception_snapshot_win.cc(98)] thread ID 17132 not found in process
[0526/100058.096:ERROR:process_reader_win.cc(151)] SuspendThread: Отказано в доступе. (0x5)
[0526/100058.096:ERROR:process_reader_win.cc(123)] NtOpenThread: {Отказано в доступе} Процесс запросил доступ к объекту, но права на доступ не предоставлены. (0xc0000022)
[0526/100058.099:ERROR:exception_snapshot_win.cc(98)] thread ID 7936 not found in process
[0526/100058.120:ERROR:process_reader_win.cc(151)] SuspendThread: Отказано в доступе. (0x5)
[0526/100058.121:ERROR:process_reader_win.cc(123)] NtOpenThread: {Отказано в доступе} Процесс запросил доступ к объекту, но права на доступ не предоставлены. (0xc0000022)
[0526/100058.123:ERROR:exception_snapshot_win.cc(98)] thread ID 16420 not found in process
[0526/100058.127:ERROR:process_reader_win.cc(151)] SuspendThread: Отказано в доступе. (0x5)
[0526/100058.127:ERROR:process_reader_win.cc(151)] SuspendThread: Отказано в доступе. (0x5)
[0526/100058.127:ERROR:process_reader_win.cc(151)] SuspendThread: Отказано в доступе. (0x5)
[0526/100058.127:ERROR:process_reader_win.cc(151)] SuspendThread: Отказано в доступе. (0x5)
[0526/100058.127:ERROR:process_reader_win.cc(123)] NtOpenThread: {Отказано в доступе} Процесс запросил доступ к объекту, но права на доступ не предоставлены. (0xc0000022)
[0526/100058.127:ERROR:exception_snapshot_win.cc(98)] thread ID 15508 not found in process
[0526/100058.133:ERROR:process_reader_win.cc(151)] SuspendThread: Отказано в доступе. (0x5)
[0526/100058.133:ERROR:process_reader_win.cc(151)] SuspendThread: Отказано в доступе. (0x5)
[0526/100058.134:ERROR:process_reader_win.cc(151)] SuspendThread: Отказано в доступе. (0x5)
[0526/100058.134:ERROR:process_reader_win.cc(151)] SuspendThread: Отказано в доступе. (0x5)
[0526/100058.134:ERROR:process_reader_win.cc(123)] NtOpenThread: {Отказано в доступе} Процесс запросил доступ к объекту, но права на доступ не предоставлены. (0xc0000022)
[0526/100058.134:ERROR:exception_snapshot_win.cc(98)] thread ID 7812 not found in process
[0526/100058.134:ERROR:process_reader_win.cc(151)] SuspendThread: Отказано в доступе. (0x5)
[0526/100058.134:ERROR:process_reader_win.cc(151)] SuspendThread: Отказано в доступе. (0x5)
[0526/100058.134:ERROR:process_reader_win.cc(151)] SuspendThread: Отказано в доступе. (0x5)
[0526/100058.134:ERROR:process_reader_win.cc(151)] SuspendThread: Отказано в доступе. (0x5)
[0526/100058.134:ERROR:process_reader_win.cc(123)] NtOpenThread: {Отказано в доступе} Процесс запросил доступ к объекту, но права на доступ не предоставлены. (0xc0000022)
[0526/100058.135:ERROR:exception_snapshot_win.cc(98)] thread ID 1156 not found in process
[0526/100058.186:ERROR:process_reader_win.cc(151)] SuspendThread: Отказано в доступе. (0x5)
[0526/100058.186:ERROR:process_reader_win.cc(123)] NtOpenThread: {Отказано в доступе} Процесс запросил доступ к объекту, но права на доступ не предоставлены. (0xc0000022)
[0526/100058.186:ERROR:exception_snapshot_win.cc(98)] thread ID 12868 not found in process
[0526/100100.266:ERROR:process_reader_win.cc(123)] NtOpenThread: {Отказано в доступе} Процесс запросил доступ к объекту, но права на доступ не предоставлены. (0xc0000022)
[0526/100100.266:ERROR:exception_snapshot_win.cc(98)] thread ID 15940 not found in process
[0526/100504.795:ERROR:process_reader_win.cc(123)] NtOpenThread: {Отказано в доступе} Процесс запросил доступ к объекту, но права на доступ не предоставлены. (0xc0000022)
[0526/100504.800:ERROR:exception_snapshot_win.cc(98)] thread ID 11512 not found in process
[0526/100504.797:ERROR:process_reader_win.cc(123)] NtOpenThread: {Отказано в доступе} Процесс запросил доступ к объекту, но права на доступ не предоставлены. (0xc0000022)
[0526/100504.801:ERROR:exception_snapshot_win.cc(98)] thread ID 15828 not found in process
[0526/100504.795:ERROR:process_reader_win.cc(123)] NtOpenThread: {Отказано в доступе} Процесс запросил доступ к объекту, но права на доступ не предоставлены. (0xc0000022)
[0526/100504.801:ERROR:exception_snapshot_win.cc(98)] thread ID 8244 not found in process
[0526/100504.797:ERROR:process_reader_win.cc(123)] NtOpenThread: {Отказано в доступе} Процесс запросил доступ к объекту, но права на доступ не предоставлены. (0xc0000022)
[0526/100504.802:ERROR:exception_snapshot_win.cc(98)] thread ID 5396 not found in process
[0526/100504.846:ERROR:process_reader_win.cc(123)] NtOpenThread: {Отказано в доступе} Процесс запросил доступ к объекту, но права на доступ не предоставлены. (0xc0000022)
[0526/100504.846:ERROR:exception_snapshot_win.cc(98)] thread ID 18332 not found in process
[0526/100504.846:ERROR:process_reader_win.cc(123)] NtOpenThread: {Отказано в доступе} Процесс запросил доступ к объекту, но права на доступ не предоставлены. (0xc0000022)
[0526/100504.846:ERROR:process_reader_win.cc(123)] NtOpenThread: {Отказано в доступе} Процесс запросил доступ к объекту, но права на доступ не предоставлены. (0xc0000022)
[0526/100504.846:ERROR:process_reader_win.cc(123)] NtOpenThread: {Отказано в доступе} Процесс запросил доступ к объекту, но права на доступ не предоставлены. (0xc0000022)
[0526/100504.847:ERROR:exception_snapshot_win.cc(98)] thread ID 17132 not found in process
[0526/100504.847:ERROR:exception_snapshot_win.cc(98)] thread ID 1872 not found in process
[0526/100504.847:ERROR:exception_snapshot_win.cc(98)] thread ID 14372 not found in process
[0526/101726.631:ERROR:process_reader_win.cc(151)] SuspendThread: Отказано в доступе. (0x5)
[0526/101726.632:ERROR:process_reader_win.cc(151)] SuspendThread: Отказано в доступе. (0x5)
[0526/101726.632:ERROR:process_reader_win.cc(151)] SuspendThread: Отказано в доступе. (0x5)
[0526/101726.633:ERROR:process_reader_win.cc(151)] SuspendThread: Отказано в доступе. (0x5)
[0526/101726.633:ERROR:process_reader_win.cc(151)] SuspendThread: Отказано в доступе. (0x5)
[0526/101726.633:ERROR:process_reader_win.cc(151)] SuspendThread: Отказано в доступе. (0x5)
[0526/101726.633:ERROR:process_reader_win.cc(151)] SuspendThread: Отказано в доступе. (0x5)
[0526/101726.633:ERROR:process_reader_win.cc(151)] SuspendThread: Отказано в доступе. (0x5)
[0526/101726.633:ERROR:process_reader_win.cc(151)] SuspendThread: Отказано в доступе. (0x5)
[0526/101726.633:ERROR:process_reader_win.cc(151)] SuspendThread: Отказано в доступе. (0x5)
[0526/101726.633:ERROR:process_reader_win.cc(151)] SuspendThread: Отказано в доступе. (0x5)
[0526/101726.633:ERROR:process_reader_win.cc(151)] SuspendThread: Отказано в доступе. (0x5)
[0526/101726.633:ERROR:process_reader_win.cc(151)] SuspendThread: Отказано в доступе. (0x5)
[0526/101726.633:ERROR:process_reader_win.cc(151)] SuspendThread: Отказано в доступе. (0x5)
[0526/101726.633:ERROR:process_reader_win.cc(151)] SuspendThread: Отказано в доступе. (0x5)
[0526/101726.633:ERROR:process_reader_win.cc(151)] SuspendThread: Отказано в доступе. (0x5)
[0526/101726.633:ERROR:process_reader_win.cc(151)] SuspendThread: Отказано в доступе. (0x5)
[0526/101726.633:ERROR:process_reader_win.cc(151)] SuspendThread: Отказано в доступе. (0x5)
[0526/101726.633:ERROR:process_reader_win.cc(151)] SuspendThread: Отказано в доступе. (0x5)
[0526/101726.633:ERROR:process_reader_win.cc(151)] SuspendThread: Отказано в доступе. (0x5)
[0526/101726.633:ERROR:process_reader_win.cc(123)] NtOpenThread: {Отказано в доступе} Процесс запросил доступ к объекту, но права на доступ не предоставлены. (0xc0000022)
[0526/101726.633:ERROR:exception_snapshot_win.cc(98)] thread ID 16764 not found in process
[0526/101726.665:ERROR:process_reader_win.cc(151)] SuspendThread: Отказано в доступе. (0x5)
[0526/101726.666:ERROR:process_reader_win.cc(151)] SuspendThread: Отказано в доступе. (0x5)
[0526/101726.666:ERROR:process_reader_win.cc(151)] SuspendThread: Отказано в доступе. (0x5)
[0526/101726.666:ERROR:process_reader_win.cc(151)] SuspendThread: Отказано в доступе. (0x5)
[0526/101726.666:ERROR:process_reader_win.cc(123)] NtOpenThread: {Отказано в доступе} Процесс запросил доступ к объекту, но права на доступ не предоставлены. (0xc0000022)
[0526/101726.666:ERROR:exception_snapshot_win.cc(98)] thread ID 14948 not found in process
[0526/101726.666:ERROR:process_reader_win.cc(151)] SuspendThread: Отказано в доступе. (0x5)
[0526/101726.667:ERROR:process_reader_win.cc(151)] SuspendThread: Отказано в доступе. (0x5)
[0526/101726.667:ERROR:process_reader_win.cc(151)] SuspendThread: Отказано в доступе. (0x5)
[0526/101726.668:ERROR:process_reader_win.cc(123)] NtOpenThread: {Отказано в доступе} Процесс запросил доступ к объекту, но права на доступ не предоставлены. (0xc0000022)
[0526/101726.668:ERROR:exception_snapshot_win.cc(98)] thread ID 7680 not found in process
[0526/101726.667:ERROR:process_reader_win.cc(123)] NtOpenThread: {Отказано в доступе} Процесс запросил доступ к объекту, но права на доступ не предоставлены. (0xc0000022)
[0526/101726.668:ERROR:exception_snapshot_win.cc(98)] thread ID 6920 not found in process
[0526/101726.665:ERROR:process_reader_win.cc(151)] SuspendThread: Отказано в доступе. (0x5)
[0526/101726.674:ERROR:process_reader_win.cc(151)] SuspendThread: Отказано в доступе. (0x5)
[0526/101726.674:ERROR:process_reader_win.cc(151)] SuspendThread: Отказано в доступе. (0x5)
[0526/101726.674:ERROR:process_reader_win.cc(123)] NtOpenThread: {Отказано в доступе} Процесс запросил доступ к объекту, но права на доступ не предоставлены. (0xc0000022)
[0526/101726.675:ERROR:exception_snapshot_win.cc(98)] thread ID 16724 not found in process
[0526/101726.675:ERROR:process_reader_win.cc(123)] NtOpenThread: {Отказано в доступе} Процесс запросил доступ к объекту, но права на доступ не предоставлены. (0xc0000022)
[0526/101726.675:ERROR:exception_snapshot_win.cc(98)] thread ID 17976 not found in process
[0526/101726.683:ERROR:process_reader_win.cc(151)] SuspendThread: Отказано в доступе. (0x5)
[0526/101726.683:ERROR:process_reader_win.cc(151)] SuspendThread: Отказано в доступе. (0x5)
[0526/101726.683:ERROR:process_reader_win.cc(123)] NtOpenThread: {Отказано в доступе} Процесс запросил доступ к объекту, но права на доступ не предоставлены. (0xc0000022)
[0526/101726.683:ERROR:exception_snapshot_win.cc(98)] thread ID 16452 not found in process
[0526/101726.688:ERROR:process_reader_win.cc(123)] NtOpenThread: {Отказано в доступе} Процесс запросил доступ к объекту, но права на доступ не предоставлены. (0xc0000022)
[0526/101726.688:ERROR:exception_snapshot_win.cc(98)] thread ID 11004 not found in process
[0526/102133.498:ERROR:process_reader_win.cc(151)] SuspendThread: Отказано в доступе. (0x5)
[0526/102133.499:ERROR:process_reader_win.cc(151)] SuspendThread: Отказано в доступе. (0x5)
[0526/102133.499:ERROR:process_reader_win.cc(151)] SuspendThread: Отказано в доступе. (0x5)
[0526/102133.499:ERROR:process_reader_win.cc(123)] NtOpenThread: {Отказано в доступе} Процесс запросил доступ к объекту, но права на доступ не предоставлены. (0xc0000022)
[0526/102133.499:ERROR:exception_snapshot_win.cc(98)] thread ID 17656 not found in process
[0526/102133.503:ERROR:process_reader_win.cc(151)] SuspendThread: Отказано в доступе. (0x5)
[0526/102133.504:ERROR:process_reader_win.cc(151)] SuspendThread: Отказано в доступе. (0x5)
[0526/102133.504:ERROR:process_reader_win.cc(151)] SuspendThread: Отказано в доступе. (0x5)
[0526/102133.504:ERROR:process_reader_win.cc(151)] SuspendThread: Отказано в доступе. (0x5)
[0526/102133.504:ERROR:process_reader_win.cc(123)] NtOpenThread: {Отказано в доступе} Процесс запросил доступ к объекту, но права на доступ не предоставлены. (0xc0000022)
[0526/102133.504:ERROR:exception_snapshot_win.cc(98)] thread ID 9860 not found in process
[0526/102133.507:ERROR:process_reader_win.cc(151)] SuspendThread: Отказано в доступе. (0x5)
[0526/102133.508:ERROR:process_reader_win.cc(151)] SuspendThread: Отказано в доступе. (0x5)
[0526/102133.508:ERROR:process_reader_win.cc(151)] SuspendThread: Отказано в доступе. (0x5)
[0526/102133.508:ERROR:process_reader_win.cc(151)] SuspendThread: Отказано в доступе. (0x5)
[0526/102133.508:ERROR:process_reader_win.cc(151)] SuspendThread: Отказано в доступе. (0x5)
[0526/102133.508:ERROR:process_reader_win.cc(123)] NtOpenThread: {Отказано в доступе} Процесс запросил доступ к объекту, но права на доступ не предоставлены. (0xc0000022)
[0526/102133.508:ERROR:exception_snapshot_win.cc(98)] thread ID 15996 not found in process
[0526/102133.515:ERROR:process_reader_win.cc(151)] SuspendThread: Отказано в доступе. (0x5)
[0526/102133.516:ERROR:process_reader_win.cc(151)] SuspendThread: Отказано в доступе. (0x5)
[0526/102133.516:ERROR:process_reader_win.cc(151)] SuspendThread: Отказано в доступе. (0x5)
[0526/102133.516:ERROR:process_reader_win.cc(123)] NtOpenThread: {Отказано в доступе} Процесс запросил доступ к объекту, но права на доступ не предоставлены. (0xc0000022)
[0526/102133.518:ERROR:exception_snapshot_win.cc(98)] thread ID 7936 not found in process
[0526/102133.523:ERROR:process_reader_win.cc(123)] NtOpenThread: {Отказано в доступе} Процесс запросил доступ к объекту, но права на доступ не предоставлены. (0xc0000022)
[0526/102133.524:ERROR:exception_snapshot_win.cc(98)] thread ID 11592 not found in process
[0526/102133.538:ERROR:process_reader_win.cc(151)] SuspendThread: Отказано в доступе. (0x5)
[0526/102133.538:ERROR:process_reader_win.cc(123)] NtOpenThread: {Отказано в доступе} Процесс запросил доступ к объекту, но права на доступ не предоставлены. (0xc0000022)
[0526/102133.538:ERROR:exception_snapshot_win.cc(98)] thread ID 18664 not found in process
[0526/102724.004:ERROR:process_reader_win.cc(151)] SuspendThread: Отказано в доступе. (0x5)
[0526/102724.005:ERROR:process_reader_win.cc(151)] SuspendThread: Отказано в доступе. (0x5)
[0526/102724.005:ERROR:process_reader_win.cc(151)] SuspendThread: Отказано в доступе. (0x5)
[0526/102724.006:ERROR:process_reader_win.cc(151)] SuspendThread: Отказано в доступе. (0x5)
[0526/102724.006:ERROR:process_reader_win.cc(151)] SuspendThread: Отказано в доступе. (0x5)
[0526/102724.006:ERROR:process_reader_win.cc(151)] SuspendThread: Отказано в доступе. (0x5)
[0526/102724.006:ERROR:process_reader_win.cc(151)] SuspendThread: Отказано в доступе. (0x5)
[0526/102724.006:ERROR:process_reader_win.cc(151)] SuspendThread: Отказано в доступе. (0x5)
[0526/102724.006:ERROR:process_reader_win.cc(123)] NtOpenThread: {Отказано в доступе} Процесс запросил доступ к объекту, но права на доступ не предоставлены. (0xc0000022)
[0526/102724.006:ERROR:exception_snapshot_win.cc(98)] thread ID 6300 not found in process
[0526/102724.007:ERROR:process_reader_win.cc(151)] SuspendThread: Отказано в доступе. (0x5)
[0526/102724.008:ERROR:process_reader_win.cc(151)] SuspendThread: Отказано в доступе. (0x5)
[0526/102724.008:ERROR:process_reader_win.cc(151)] SuspendThread: Отказано в доступе. (0x5)
[0526/102724.008:ERROR:process_reader_win.cc(151)] SuspendThread: Отказано в доступе. (0x5)
[0526/102724.008:ERROR:process_reader_win.cc(151)] SuspendThread: Отказано в доступе. (0x5)
[0526/102724.008:ERROR:process_reader_win.cc(151)] SuspendThread: Отказано в доступе. (0x5)
[0526/102724.008:ERROR:process_reader_win.cc(151)] SuspendThread: Отказано в доступе. (0x5)
[0526/102724.008:ERROR:process_reader_win.cc(151)] SuspendThread: Отказано в доступе. (0x5)
[0526/102724.008:ERROR:process_reader_win.cc(151)] SuspendThread: Отказано в доступе. (0x5)
[0526/102724.008:ERROR:process_reader_win.cc(151)] SuspendThread: Отказано в доступе. (0x5)
[0526/102724.008:ERROR:process_reader_win.cc(151)] SuspendThread: Отказано в доступе. (0x5)
[0526/102724.008:ERROR:process_reader_win.cc(151)] SuspendThread: Отказано в доступе. (0x5)
[0526/102724.008:ERROR:process_reader_win.cc(151)] SuspendThread: Отказано в доступе. (0x5)
[0526/102724.008:ERROR:process_reader_win.cc(151)] SuspendThread: Отказано в доступе. (0x5)
[0526/102724.008:ERROR:process_reader_win.cc(123)] NtOpenThread: {Отказано в доступе} Процесс запросил доступ к объекту, но права на доступ не предоставлены. (0xc0000022)
[0526/102724.009:ERROR:exception_snapshot_win.cc(98)] thread ID 800 not found in process
[0526/102724.020:ERROR:process_reader_win.cc(151)] SuspendThread: Отказано в доступе. (0x5)
[0526/102724.026:ERROR:process_reader_win.cc(151)] SuspendThread: Отказано в доступе. (0x5)
[0526/102724.026:ERROR:process_reader_win.cc(151)] SuspendThread: Отказано в доступе. (0x5)
[0526/102724.026:ERROR:process_reader_win.cc(151)] SuspendThread: Отказано в доступе. (0x5)
[0526/102724.026:ERROR:process_reader_win.cc(151)] SuspendThread: Отказано в доступе. (0x5)
[0526/102724.026:ERROR:process_reader_win.cc(151)] SuspendThread: Отказано в доступе. (0x5)
[0526/102724.026:ERROR:process_reader_win.cc(151)] SuspendThread: Отказано в доступе. (0x5)
[0526/102724.026:ERROR:process_reader_win.cc(151)] SuspendThread: Отказано в доступе. (0x5)
[0526/102724.026:ERROR:process_reader_win.cc(151)] SuspendThread: Отказано в доступе. (0x5)
[0526/102724.026:ERROR:process_reader_win.cc(151)] SuspendThread: Отказано в доступе. (0x5)
[0526/102724.027:ERROR:process_reader_win.cc(151)] SuspendThread: Отказано в доступе. (0x5)
[0526/102724.027:ERROR:process_reader_win.cc(123)] NtOpenThread: {Отказано в доступе} Процесс запросил доступ к объекту, но права на доступ не предоставлены. (0xc0000022)
[0526/102724.030:ERROR:exception_snapshot_win.cc(98)] thread ID 1156 not found in process
[0526/102724.031:ERROR:process_reader_win.cc(151)] SuspendThread: Отказано в доступе. (0x5)
[0526/102724.033:ERROR:process_reader_win.cc(151)] SuspendThread: Отказано в доступе. (0x5)
[0526/102724.033:ERROR:process_reader_win.cc(151)] SuspendThread: Отказано в доступе. (0x5)
[0526/102724.033:ERROR:process_reader_win.cc(151)] SuspendThread: Отказано в доступе. (0x5)
[0526/102724.033:ERROR:process_reader_win.cc(151)] SuspendThread: Отказано в доступе. (0x5)
[0526/102724.033:ERROR:process_reader_win.cc(151)] SuspendThread: Отказано в доступе. (0x5)
[0526/102724.042:ERROR:process_reader_win.cc(151)] SuspendThread: Отказано в доступе. (0x5)
[0526/102724.042:ERROR:process_reader_win.cc(151)] SuspendThread: Отказано в доступе. (0x5)
[0526/102724.042:ERROR:process_reader_win.cc(123)] NtOpenThread: {Отказано в доступе} Процесс запросил доступ к объекту, но права на доступ не предоставлены. (0xc0000022)
[0526/102724.042:ERROR:exception_snapshot_win.cc(98)] thread ID 15456 not found in process
[0526/102724.033:ERROR:process_reader_win.cc(151)] SuspendThread: Отказано в доступе. (0x5)
[0526/102724.043:ERROR:process_reader_win.cc(151)] SuspendThread: Отказано в доступе. (0x5)
[0526/102724.043:ERROR:process_reader_win.cc(151)] SuspendThread: Отказано в доступе. (0x5)
[0526/102724.043:ERROR:process_reader_win.cc(123)] NtOpenThread: {Отказано в доступе} Процесс запросил доступ к объекту, но права на доступ не предоставлены. (0xc0000022)
[0526/102724.043:ERROR:exception_snapshot_win.cc(98)] thread ID 7244 not found in process
[0526/102724.052:ERROR:process_reader_win.cc(151)] SuspendThread: Отказано в доступе. (0x5)
[0526/102724.052:ERROR:process_reader_win.cc(123)] NtOpenThread: {Отказано в доступе} Процесс запросил доступ к объекту, но права на доступ не предоставлены. (0xc0000022)
[0526/102724.052:ERROR:exception_snapshot_win.cc(98)] thread ID 3996 not found in process
[0526/102724.059:ERROR:process_reader_win.cc(151)] SuspendThread: Отказано в доступе. (0x5)
[0526/102724.059:ERROR:process_reader_win.cc(151)] SuspendThread: Отказано в доступе. (0x5)
[0526/102724.059:ERROR:process_reader_win.cc(151)] SuspendThread: Отказано в доступе. (0x5)
[0526/102724.059:ERROR:process_reader_win.cc(151)] SuspendThread: Отказано в доступе. (0x5)
[0526/102724.059:ERROR:process_reader_win.cc(151)] SuspendThread: Отказано в доступе. (0x5)
[0526/102724.059:ERROR:process_reader_win.cc(151)] SuspendThread: Отказано в доступе. (0x5)
[0526/102724.059:ERROR:process_reader_win.cc(151)] SuspendThread: Отказано в доступе. (0x5)
[0526/102724.059:ERROR:process_reader_win.cc(151)] SuspendThread: Отказано в доступе. (0x5)
[0526/102724.059:ERROR:process_reader_win.cc(123)] NtOpenThread: {Отказано в доступе} Процесс запросил доступ к объекту, но права на доступ не предоставлены. (0xc0000022)
[0526/102724.059:ERROR:process_reader_win.cc(123)] NtOpenThread: {Отказано в доступе} Процесс запросил доступ к объекту, но права на доступ не предоставлены. (0xc0000022)
[0526/102724.059:ERROR:exception_snapshot_win.cc(98)] thread ID 19980 not found in process
[0526/102724.059:ERROR:exception_snapshot_win.cc(98)] thread ID 7140 not found in process
[0526/102724.086:ERROR:process_reader_win.cc(151)] SuspendThread: Отказано в доступе. (0x5)
[0526/102724.086:ERROR:process_reader_win.cc(151)] SuspendThread: Отказано в доступе. (0x5)
[0526/102724.086:ERROR:process_reader_win.cc(151)] SuspendThread: Отказано в доступе. (0x5)
[0526/102724.086:ERROR:process_reader_win.cc(151)] SuspendThread: Отказано в доступе. (0x5)
[0526/102724.086:ERROR:process_reader_win.cc(123)] NtOpenThread: {Отказано в доступе} Процесс запросил доступ к объекту, но права на доступ не предоставлены. (0xc0000022)
[0526/102724.086:ERROR:exception_snapshot_win.cc(98)] thread ID 18620 not found in process
[0526/102724.113:ERROR:process_reader_win.cc(151)] SuspendThread: Отказано в доступе. (0x5)
[0526/102724.113:ERROR:process_reader_win.cc(123)] NtOpenThread: {Отказано в доступе} Процесс запросил доступ к объекту, но права на доступ не предоставлены. (0xc0000022)
[0526/102724.113:ERROR:exception_snapshot_win.cc(98)] thread ID 15708 not found in process
[0526/103043.807:ERROR:process_reader_win.cc(151)] SuspendThread: Отказано в доступе. (0x5)
[0526/103043.809:ERROR:process_reader_win.cc(151)] SuspendThread: Отказано в доступе. (0x5)
[0526/103043.809:ERROR:process_reader_win.cc(151)] SuspendThread: Отказано в доступе. (0x5)
[0526/103043.809:ERROR:process_reader_win.cc(151)] SuspendThread: Отказано в доступе. (0x5)
[0526/103043.809:ERROR:process_reader_win.cc(151)] SuspendThread: Отказано в доступе. (0x5)
[0526/103043.809:ERROR:process_reader_win.cc(151)] SuspendThread: Отказано в доступе. (0x5)
[0526/103043.809:ERROR:process_reader_win.cc(151)] SuspendThread: Отказано в доступе. (0x5)
[0526/103043.809:ERROR:process_reader_win.cc(151)] SuspendThread: Отказано в доступе. (0x5)
[0526/103043.809:ERROR:process_reader_win.cc(151)] SuspendThread: Отказано в доступе. (0x5)
[0526/103043.809:ERROR:process_reader_win.cc(123)] NtOpenThread: {Отказано в доступе} Процесс запросил доступ к объекту, но права на доступ не предоставлены. (0xc0000022)
[0526/103043.810:ERROR:exception_snapshot_win.cc(98)] thread ID 14372 not found in process
[0526/103043.811:ERROR:process_reader_win.cc(151)] SuspendThread: Отказано в доступе. (0x5)
[0526/103043.816:ERROR:process_reader_win.cc(151)] SuspendThread: Отказано в доступе. (0x5)
[0526/103043.817:ERROR:process_reader_win.cc(151)] SuspendThread: Отказано в доступе. (0x5)
[0526/103043.817:ERROR:process_reader_win.cc(151)] SuspendThread: Отказано в доступе. (0x5)
[0526/103043.817:ERROR:process_reader_win.cc(151)] SuspendThread: Отказано в доступе. (0x5)
[0526/103043.817:ERROR:process_reader_win.cc(151)] SuspendThread: Отказано в доступе. (0x5)
[0526/103043.817:ERROR:process_reader_win.cc(151)] SuspendThread: Отказано в доступе. (0x5)
[0526/103043.811:ERROR:process_reader_win.cc(151)] SuspendThread: Отказано в доступе. (0x5)
[0526/103043.819:ERROR:process_reader_win.cc(151)] SuspendThread: Отказано в доступе. (0x5)
[0526/103043.819:ERROR:process_reader_win.cc(151)] SuspendThread: Отказано в доступе. (0x5)
[0526/103043.820:ERROR:process_reader_win.cc(151)] SuspendThread: Отказано в доступе. (0x5)
[0526/103043.820:ERROR:process_reader_win.cc(151)] SuspendThread: Отказано в доступе. (0x5)
[0526/103043.820:ERROR:process_reader_win.cc(151)] SuspendThread: Отказано в доступе. (0x5)
[0526/103043.817:ERROR:process_reader_win.cc(151)] SuspendThread: Отказано в доступе. (0x5)
[0526/103043.850:ERROR:process_reader_win.cc(123)] NtOpenThread: {Отказано в доступе} Процесс запросил доступ к объекту, но права на доступ не предоставлены. (0xc0000022)
[0526/103043.850:ERROR:exception_snapshot_win.cc(98)] thread ID 8324 not found in process
[0526/103043.820:ERROR:process_reader_win.cc(151)] SuspendThread: Отказано в доступе. (0x5)
[0526/103043.866:ERROR:process_reader_win.cc(151)] SuspendThread: Отказано в доступе. (0x5)
[0526/103043.866:ERROR:process_reader_win.cc(151)] SuspendThread: Отказано в доступе. (0x5)
[0526/103043.866:ERROR:process_reader_win.cc(123)] NtOpenThread: {Отказано в доступе} Процесс запросил доступ к объекту, но права на доступ не предоставлены. (0xc0000022)
[0526/103043.868:ERROR:exception_snapshot_win.cc(98)] thread ID 16988 not found in process
[0526/103043.873:ERROR:process_reader_win.cc(151)] SuspendThread: Отказано в доступе. (0x5)
[0526/103043.880:ERROR:process_reader_win.cc(151)] SuspendThread: Отказано в доступе. (0x5)
[0526/103043.880:ERROR:process_reader_win.cc(123)] NtOpenThread: {Отказано в доступе} Процесс запросил доступ к объекту, но права на доступ не предоставлены. (0xc0000022)
[0526/103043.880:ERROR:exception_snapshot_win.cc(98)] thread ID 18816 not found in process
[0526/103043.931:ERROR:process_reader_win.cc(151)] SuspendThread: Отказано в доступе. (0x5)
[0526/103043.931:ERROR:process_reader_win.cc(123)] NtOpenThread: {Отказано в доступе} Процесс запросил доступ к объекту, но права на доступ не предоставлены. (0xc0000022)
[0526/103043.931:ERROR:exception_snapshot_win.cc(98)] thread ID 17196 not found in process
[0526/103043.965:ERROR:process_reader_win.cc(151)] SuspendThread: Отказано в доступе. (0x5)
[0526/103043.965:ERROR:process_reader_win.cc(151)] SuspendThread: Отказано в доступе. (0x5)
[0526/103043.965:ERROR:process_reader_win.cc(151)] SuspendThread: Отказано в доступе. (0x5)
[0526/103043.965:ERROR:process_reader_win.cc(151)] SuspendThread: Отказано в доступе. (0x5)
[0526/103043.965:ERROR:process_reader_win.cc(123)] NtOpenThread: {Отказано в доступе} Процесс запросил доступ к объекту, но права на доступ не предоставлены. (0xc0000022)
[0526/103043.965:ERROR:exception_snapshot_win.cc(98)] thread ID 5080 not found in process
[0526/103043.975:ERROR:process_reader_win.cc(151)] SuspendThread: Отказано в доступе. (0x5)
[0526/103043.975:ERROR:process_reader_win.cc(151)] SuspendThread: Отказано в доступе. (0x5)
[0526/103043.975:ERROR:process_reader_win.cc(151)] SuspendThread: Отказано в доступе. (0x5)
[0526/103043.976:ERROR:process_reader_win.cc(151)] SuspendThread: Отказано в доступе. (0x5)
[0526/103043.976:ERROR:process_reader_win.cc(123)] NtOpenThread: {Отказано в доступе} Процесс запросил доступ к объекту, но права на доступ не предоставлены. (0xc0000022)
[0526/103043.976:ERROR:exception_snapshot_win.cc(98)] thread ID 10508 not found in process
[0526/103043.977:ERROR:process_reader_win.cc(151)] SuspendThread: Отказано в доступе. (0x5)
[0526/103043.978:ERROR:process_reader_win.cc(123)] NtOpenThread: {Отказано в доступе} Процесс запросил доступ к объекту, но права на доступ не предоставлены. (0xc0000022)
[0526/103043.978:ERROR:exception_snapshot_win.cc(98)] thread ID 18972 not found in process
[0526/103043.978:ERROR:process_reader_win.cc(151)] SuspendThread: Отказано в доступе. (0x5)
[0526/103043.978:ERROR:process_reader_win.cc(123)] NtOpenThread: {Отказано в доступе} Процесс запросил доступ к объекту, но права на доступ не предоставлены. (0xc0000022)
[0526/103043.978:ERROR:exception_snapshot_win.cc(98)] thread ID 3248 not found in process
[0526/103703.349:ERROR:process_reader_win.cc(151)] SuspendThread: Отказано в доступе. (0x5)
[0526/103703.349:ERROR:process_reader_win.cc(151)] SuspendThread: Отказано в доступе. (0x5)
[0526/103703.350:ERROR:process_reader_win.cc(151)] SuspendThread: Отказано в доступе. (0x5)
[0526/103703.350:ERROR:process_reader_win.cc(151)] SuspendThread: Отказано в доступе. (0x5)
[0526/103703.350:ERROR:process_reader_win.cc(151)] SuspendThread: Отказано в доступе. (0x5)
[0526/103703.350:ERROR:process_reader_win.cc(151)] SuspendThread: Отказано в доступе. (0x5)
[0526/103703.350:ERROR:process_reader_win.cc(151)] SuspendThread: Отказано в доступе. (0x5)
[0526/103703.351:ERROR:process_reader_win.cc(151)] SuspendThread: Отказано в доступе. (0x5)
[0526/103703.351:ERROR:process_reader_win.cc(151)] SuspendThread: Отказано в доступе. (0x5)
[0526/103703.351:ERROR:process_reader_win.cc(151)] SuspendThread: Отказано в доступе. (0x5)
[0526/103703.351:ERROR:process_reader_win.cc(151)] SuspendThread: Отказано в доступе. (0x5)
[0526/103703.351:ERROR:process_reader_win.cc(151)] SuspendThread: Отказано в доступе. (0x5)
[0526/103703.351:ERROR:process_reader_win.cc(151)] SuspendThread: Отказано в доступе. (0x5)
[0526/103703.351:ERROR:process_reader_win.cc(151)] SuspendThread: Отказано в доступе. (0x5)
[0526/103703.351:ERROR:process_reader_win.cc(151)] SuspendThread: Отказано в доступе. (0x5)
[0526/103703.351:ERROR:process_reader_win.cc(151)] SuspendThread: Отказано в доступе. (0x5)
[0526/103703.351:ERROR:process_reader_win.cc(151)] SuspendThread: Отказано в доступе. (0x5)
[0526/103703.351:ERROR:process_reader_win.cc(151)] SuspendThread: Отказано в доступе. (0x5)
[0526/103703.351:ERROR:process_reader_win.cc(151)] SuspendThread: Отказано в доступе. (0x5)
[0526/103703.351:ERROR:process_reader_win.cc(151)] SuspendThread: Отказано в доступе. (0x5)
[0526/103703.351:ERROR:process_reader_win.cc(151)] SuspendThread: Отказано в доступе. (0x5)
[0526/103703.351:ERROR:process_reader_win.cc(151)] SuspendThread: Отказано в доступе. (0x5)
[0526/103703.351:ERROR:process_reader_win.cc(151)] SuspendThread: Отказано в доступе. (0x5)
[0526/103703.351:ERROR:process_reader_win.cc(151)] SuspendThread: Отказано в доступе. (0x5)
[0526/103703.351:ERROR:process_reader_win.cc(151)] SuspendThread: Отказано в доступе. (0x5)
[0526/103703.351:ERROR:process_reader_win.cc(151)] SuspendThread: Отказано в доступе. (0x5)
[0526/103703.351:ERROR:process_reader_win.cc(151)] SuspendThread: Отказано в доступе. (0x5)
[0526/103703.351:ERROR:process_reader_win.cc(151)] SuspendThread: Отказано в доступе. (0x5)
[0526/103703.351:ERROR:process_reader_win.cc(151)] SuspendThread: Отказано в доступе. (0x5)
[0526/103703.351:ERROR:process_reader_win.cc(151)] SuspendThread: Отказано в доступе. (0x5)
[0526/103703.351:ERROR:process_reader_win.cc(151)] SuspendThread: Отказано в доступе. (0x5)
[0526/103703.351:ERROR:process_reader_win.cc(123)] NtOpenThread: {Отказано в доступе} Процесс запросил доступ к объекту, но права на доступ не предоставлены. (0xc0000022)
[0526/103703.351:ERROR:process_reader_win.cc(123)] NtOpenThread: {Отказано в доступе} Процесс запросил доступ к объекту, но права на доступ не предоставлены. (0xc0000022)
[0526/103703.352:ERROR:exception_snapshot_win.cc(98)] thread ID 9112 not found in process
[0526/103703.352:ERROR:exception_snapshot_win.cc(98)] thread ID 19292 not found in process
[0526/103703.357:ERROR:process_reader_win.cc(151)] SuspendThread: Отказано в доступе. (0x5)
[0526/103703.358:ERROR:process_reader_win.cc(151)] SuspendThread: Отказано в доступе. (0x5)
[0526/103703.358:ERROR:process_reader_win.cc(151)] SuspendThread: Отказано в доступе. (0x5)
[0526/103703.358:ERROR:process_reader_win.cc(151)] SuspendThread: Отказано в доступе. (0x5)
[0526/103703.358:ERROR:process_reader_win.cc(151)] SuspendThread: Отказано в доступе. (0x5)
[0526/103703.358:ERROR:process_reader_win.cc(151)] SuspendThread: Отказано в доступе. (0x5)
[0526/103703.358:ERROR:process_reader_win.cc(151)] SuspendThread: Отказано в доступе. (0x5)
[0526/103703.358:ERROR:process_reader_win.cc(151)] SuspendThread: Отказано в доступе. (0x5)
[0526/103703.358:ERROR:process_reader_win.cc(151)] SuspendThread: Отказано в доступе. (0x5)
[0526/103703.358:ERROR:process_reader_win.cc(151)] SuspendThread: Отказано в доступе. (0x5)
[0526/103703.358:ERROR:process_reader_win.cc(151)] SuspendThread: Отказано в доступе. (0x5)
[0526/103703.358:ERROR:process_reader_win.cc(151)] SuspendThread: Отказано в доступе. (0x5)
[0526/103703.358:ERROR:process_reader_win.cc(151)] SuspendThread: Отказано в доступе. (0x5)
[0526/103703.358:ERROR:process_reader_win.cc(151)] SuspendThread: Отказано в доступе. (0x5)
[0526/103703.358:ERROR:process_reader_win.cc(151)] SuspendThread: Отказано в доступе. (0x5)
[0526/103703.358:ERROR:process_reader_win.cc(151)] SuspendThread: Отказано в доступе. (0x5)
[0526/103703.358:ERROR:process_reader_win.cc(151)] SuspendThread: Отказано в доступе. (0x5)
[0526/103703.358:ERROR:process_reader_win.cc(123)] NtOpenThread: {Отказано в доступе} Процесс запросил доступ к объекту, но права на доступ не предоставлены. (0xc0000022)
[0526/103703.360:ERROR:exception_snapshot_win.cc(98)] thread ID 19732 not found in process
[0526/103703.395:ERROR:process_reader_win.cc(123)] NtOpenThread: {Отказано в доступе} Процесс запросил доступ к объекту, но права на доступ не предоставлены. (0xc0000022)
[0526/103703.395:ERROR:exception_snapshot_win.cc(98)] thread ID 20412 not found in process
[0526/103703.408:ERROR:process_reader_win.cc(123)] NtOpenThread: {Отказано в доступе} Процесс запросил доступ к объекту, но права на доступ не предоставлены. (0xc0000022)
[0526/103703.408:ERROR:exception_snapshot_win.cc(98)] thread ID 3948 not found in process
[0526/103703.413:ERROR:process_reader_win.cc(151)] SuspendThread: Отказано в доступе. (0x5)
[0526/103703.413:ERROR:process_reader_win.cc(151)] SuspendThread: Отказано в доступе. (0x5)
[0526/103703.413:ERROR:process_reader_win.cc(123)] NtOpenThread: {Отказано в доступе} Процесс запросил доступ к объекту, но права на доступ не предоставлены. (0xc0000022)
[0526/103703.413:ERROR:exception_snapshot_win.cc(98)] thread ID 17412 not found in process
[0526/103703.413:ERROR:process_reader_win.cc(151)] SuspendThread: Отказано в доступе. (0x5)
[0526/103703.414:ERROR:process_reader_win.cc(123)] NtOpenThread: {Отказано в доступе} Процесс запросил доступ к объекту, но права на доступ не предоставлены. (0xc0000022)
[0526/103703.414:ERROR:exception_snapshot_win.cc(98)] thread ID 17156 not found in process
[0526/103703.426:ERROR:process_reader_win.cc(151)] SuspendThread: Отказано в доступе. (0x5)
[0526/103703.426:ERROR:process_reader_win.cc(123)] NtOpenThread: {Отказано в доступе} Процесс запросил доступ к объекту, но права на доступ не предоставлены. (0xc0000022)
[0526/103703.426:ERROR:exception_snapshot_win.cc(98)] thread ID 20464 not found in process
[0526/104056.206:ERROR:process_reader_win.cc(151)] SuspendThread: Отказано в доступе. (0x5)
[0526/104056.207:ERROR:process_reader_win.cc(151)] SuspendThread: Отказано в доступе. (0x5)
[0526/104056.208:ERROR:process_reader_win.cc(123)] NtOpenThread: {Отказано в доступе} Процесс запросил доступ к объекту, но права на доступ не предоставлены. (0xc0000022)
[0526/104056.208:ERROR:exception_snapshot_win.cc(98)] thread ID 2068 not found in process
[0526/104056.211:ERROR:process_reader_win.cc(151)] SuspendThread: Отказано в доступе. (0x5)
[0526/104056.211:ERROR:process_reader_win.cc(151)] SuspendThread: Отказано в доступе. (0x5)
[0526/104056.212:ERROR:process_reader_win.cc(151)] SuspendThread: Отказано в доступе. (0x5)
[0526/104056.212:ERROR:process_reader_win.cc(151)] SuspendThread: Отказано в доступе. (0x5)
[0526/104056.212:ERROR:process_reader_win.cc(123)] NtOpenThread: {Отказано в доступе} Процесс запросил доступ к объекту, но права на доступ не предоставлены. (0xc0000022)
[0526/104056.212:ERROR:process_reader_win.cc(123)] NtOpenThread: {Отказано в доступе} Процесс запросил доступ к объекту, но права на доступ не предоставлены. (0xc0000022)
[0526/104056.212:ERROR:exception_snapshot_win.cc(98)] thread ID 14804 not found in process
[0526/104056.212:ERROR:exception_snapshot_win.cc(98)] thread ID 15972 not found in process
[0526/104056.217:ERROR:process_reader_win.cc(151)] SuspendThread: Отказано в доступе. (0x5)
[0526/104056.218:ERROR:process_reader_win.cc(151)] SuspendThread: Отказано в доступе. (0x5)
[0526/104056.218:ERROR:process_reader_win.cc(123)] NtOpenThread: {Отказано в доступе} Процесс запросил доступ к объекту, но права на доступ не предоставлены. (0xc0000022)
[0526/104056.220:ERROR:exception_snapshot_win.cc(98)] thread ID 9276 not found in process
[0526/104056.250:ERROR:process_reader_win.cc(123)] NtOpenThread: {Отказано в доступе} Процесс запросил доступ к объекту, но права на доступ не предоставлены. (0xc0000022)
[0526/104056.250:ERROR:exception_snapshot_win.cc(98)] thread ID 16920 not found in process
[0526/104056.251:ERROR:process_reader_win.cc(151)] SuspendThread: Отказано в доступе. (0x5)
[0526/104056.251:ERROR:process_reader_win.cc(123)] NtOpenThread: {Отказано в доступе} Процесс запросил доступ к объекту, но права на доступ не предоставлены. (0xc0000022)
[0526/104056.251:ERROR:exception_snapshot_win.cc(98)] thread ID 17232 not found in process
[0526/104056.251:ERROR:process_reader_win.cc(123)] NtOpenThread: {Отказано в доступе} Процесс запросил доступ к объекту, но права на доступ не предоставлены. (0xc0000022)
[0526/104056.251:ERROR:exception_snapshot_win.cc(98)] thread ID 18956 not found in process
[0526/104056.251:ERROR:process_reader_win.cc(151)] SuspendThread: Отказано в доступе. (0x5)
[0526/104056.252:ERROR:process_reader_win.cc(123)] NtOpenThread: {Отказано в доступе} Процесс запросил доступ к объекту, но права на доступ не предоставлены. (0xc0000022)
[0526/104056.252:ERROR:exception_snapshot_win.cc(98)] thread ID 17908 not found in process
[0526/104057.942:ERROR:process_reader_win.cc(123)] NtOpenThread: {Отказано в доступе} Процесс запросил доступ к объекту, но права на доступ не предоставлены. (0xc0000022)
[0526/104057.942:ERROR:exception_snapshot_win.cc(98)] thread ID 1268 not found in process
[0526/104307.406:ERROR:process_reader_win.cc(123)] NtOpenThread: {Отказано в доступе} Процесс запросил доступ к объекту, но права на доступ не предоставлены. (0xc0000022)
[0526/104307.415:ERROR:exception_snapshot_win.cc(98)] thread ID 14812 not found in process
[0526/104307.406:ERROR:process_reader_win.cc(123)] NtOpenThread: {Отказано в доступе} Процесс запросил доступ к объекту, но права на доступ не предоставлены. (0xc0000022)
[0526/104307.416:ERROR:exception_snapshot_win.cc(98)] thread ID 20052 not found in process
[0526/104307.422:ERROR:process_reader_win.cc(123)] NtOpenThread: {Отказано в доступе} Процесс запросил доступ к объекту, но права на доступ не предоставлены. (0xc0000022)
[0526/104307.422:ERROR:exception_snapshot_win.cc(98)] thread ID 18132 not found in process
[0526/104307.422:ERROR:process_reader_win.cc(123)] NtOpenThread: {Отказано в доступе} Процесс запросил доступ к объекту, но права на доступ не предоставлены. (0xc0000022)
[0526/104307.423:ERROR:exception_snapshot_win.cc(98)] thread ID 992 not found in process
[0526/104307.422:ERROR:process_reader_win.cc(123)] NtOpenThread: {Отказано в доступе} Процесс запросил доступ к объекту, но права на доступ не предоставлены. (0xc0000022)
[0526/104307.424:ERROR:exception_snapshot_win.cc(98)] thread ID 16616 not found in process
[0526/104307.449:ERROR:process_reader_win.cc(123)] NtOpenThread: {Отказано в доступе} Процесс запросил доступ к объекту, но права на доступ не предоставлены. (0xc0000022)
[0526/104307.449:ERROR:exception_snapshot_win.cc(98)] thread ID 16924 not found in process
[0526/104307.452:ERROR:process_reader_win.cc(123)] NtOpenThread: {Отказано в доступе} Процесс запросил доступ к объекту, но права на доступ не предоставлены. (0xc0000022)
[0526/104307.452:ERROR:exception_snapshot_win.cc(98)] thread ID 12484 not found in process
[0526/104307.474:ERROR:process_reader_win.cc(123)] NtOpenThread: {Отказано в доступе} Процесс запросил доступ к объекту, но права на доступ не предоставлены. (0xc0000022)
[0526/104307.475:ERROR:exception_snapshot_win.cc(98)] thread ID 14764 not found in process
[0526/104307.478:ERROR:process_reader_win.cc(123)] NtOpenThread: {Отказано в доступе} Процесс запросил доступ к объекту, но права на доступ не предоставлены. (0xc0000022)
[0526/104307.479:ERROR:exception_snapshot_win.cc(98)] thread ID 5648 not found in process
